<?xml version="1.0" encoding="UTF-8"?>
<!-- Generated by org.testng.reporters.JUnitReportReporter -->
<testsuite hostname="LAPTOP-ML7ORHO5" failures="0" tests="4" name="api.test.UserTests" time="10.417" errors="0" timestamp="2023-09-20T19:35:28 IST" skipped="0">
  <testcase classname="api.test.UserTests" name="testPostUser" time="3.553"/>
  <testcase classname="api.test.UserTests" name="testGETUserByName" time="1.823"/>
  <testcase classname="api.test.UserTests" name="testUpdateUserByName" time="3.410"/>
  <testcase classname="api.test.UserTests" name="testDeleteUserByName" time="1.631"/>
</testsuite> <!-- api.test.UserTests -->
