<?xml version="1.0" encoding="UTF-8"?>
<!-- Generated by org.testng.reporters.JUnitReportReporter -->
<testsuite hostname="LAPTOP-ML7ORHO5" failures="0" tests="4" name="api.test.UserTests" time="10.099" errors="0" timestamp="2023-09-20T23:14:57 IST" skipped="0">
  <testcase classname="api.test.UserTests" name="testPostUser" time="3.654"/>
  <testcase classname="api.test.UserTests" name="testGETUserByName" time="1.594"/>
  <testcase classname="api.test.UserTests" name="testUpdateUserByName" time="3.164"/>
  <testcase classname="api.test.UserTests" name="testDeleteUserByName" time="1.687"/>
</testsuite> <!-- api.test.UserTests -->
